[!] Connection not established! Killing query and trying again...
[!] Connection not established! Killing query and trying again...
[!] Connection not established! Killing query and trying again...
[!] Connection not established! Killing query and trying again...
[!] Connection not established! Killing query and trying again...
[!] Connection not established! Killing query and trying again...
[I] Connected!
[I] Response from FEC: {'res': 200, 'id': 1}
[I] Response from server: r
[I] Performing handover to 90:E8:68:84:3B:97
[I] Successfully killed thread 22744
[I] Connected!
[I] Response from FEC: {'res': 200, 'id': 2}
[I] Response from server: e
[I] Car reached target!
[I] Response from server: r
[I] Performing handover to 90:E8:68:83:FA:DD
[I] Successfully killed thread 26212
[I] Connected!
[I] Performing handover to 90:E8:68:84:3B:97
[WinError 10057] No se permitió una solicitud para enviar o recibir datos ya que el socket no está conectado y no se ha proporcionado ninguna dirección, al realizar el envío en un socket de datagramas por medio de una llamada sendto
Traceback (most recent call last):
  File "C:\Users\Usuario\Documents\UNI\2022 - 23 Q2\Work\Codes\7b659cf16faa821bdd80\client.py", line 96, in disconnect
    client_socket.send(message.encode())  # send message
OSError: [WinError 10057] No se permitió una solicitud para enviar o recibir datos ya que el socket no está conectado y no se ha proporcionado ninguna dirección, al realizar el envío en un socket de datagramas por medio de una llamada sendto
[I] Performing handover to 90:E8:68:83:FA:DD
[WinError 10057] No se permitió una solicitud para enviar o recibir datos ya que el socket no está conectado y no se ha proporcionado ninguna dirección, al realizar el envío en un socket de datagramas por medio de una llamada sendto
Traceback (most recent call last):
  File "C:\Users\Usuario\Documents\UNI\2022 - 23 Q2\Work\Codes\7b659cf16faa821bdd80\client.py", line 96, in disconnect
    client_socket.send(message.encode())  # send message
OSError: [WinError 10057] No se permitió una solicitud para enviar o recibir datos ya que el socket no está conectado y no se ha proporcionado ninguna dirección, al realizar el envío en un socket de datagramas por medio de una llamada sendto
[I] Response from FEC: {'res': 200, 'id': 1}
[I] Response from server: e
[I] Car reached target!
[!] Ending...
[I] Successfully killed thread 14092
